2021/01/08 18:27:21.927271 log.go:26: 二维码获取成功，请打开京东APP扫描
2021/01/08 18:27:49.412782 log.go:26: 已完成手机客户端确认
2021/01/08 18:27:52.975235 log.go:26: 二维码信息校验成功
2021/01/08 18:27:53.521967 log.go:26: 保存cookie成功
2021/01/08 18:27:53.522067 log.go:26: 登录成功
2021/01/08 18:27:53.605623 log.go:26: 用户:left1101
2021/01/08 18:28:36.915739 log.go:26: 加载cookie成功
2021/01/08 18:29:06.918831 log.go:26: 预约失败，请重新登录
2021/01/08 18:29:24.148133 log.go:26: 获取二维码失败
2021/01/08 18:32:42.350908 log.go:26: 二维码获取成功，请打开京东APP扫描
2021/01/08 18:32:50.988307 log.go:26: 已完成手机客户端确认
2021/01/08 18:32:51.229723 log.go:26: 二维码信息校验成功
2021/01/08 18:32:51.660225 log.go:26: 保存cookie成功
2021/01/08 18:32:51.660323 log.go:26: 登录成功
2021/01/08 18:32:51.868370 log.go:26: 用户:left1101
2021/01/08 18:32:59.612350 log.go:26: 加载cookie成功
2021/01/08 18:33:00.026286 log.go:26: 获取商品的预约时间、抢购时间
2021/01/08 18:33:00.432960 log.go:26: 预约起止时间： 2021-01-08 10:30~2021-01-11 09:59
2021/01/08 18:33:00.433161 log.go:26: 购买起止时间： 2021-01-11 10:00-2021-01-11 10:30
2021/01/08 18:33:00.433645 log.go:26: 获取本地时间与京东云端时间差
2021/01/08 18:33:00.434420 log.go:26: 本地系统时间： 2021-01-08 18:33:00.433 +0800 CST
2021/01/08 18:33:00.757976 log.go:26: 京东云端时间： 2021-01-08 18:33:00.741 +0800 CST
2021/01/08 18:33:00.758259 log.go:26: 网络请求延时： 325 ms
2021/01/08 18:33:00.758641 log.go:26: 实际时间误差： -146 ms (本地时间-京东云端时间+网络请求延时/2)
2021/01/08 18:33:00.967482 log.go:26: 用户:left1101
2021/01/08 18:33:01.441845 log.go:26: 商品名称:飞天 53%vol  500ml 贵州茅台酒（带杯）
2021/01/08 18:33:01.845370 log.go:26: 商品名称《飞天 53%vol  500ml 贵州茅台酒（带杯）》预约成功，已获得抢购资格 / 您已成功预约过了，无需重复预约！

[我的预约](https://yushou.jd.com/member/qualificationList.action)
2021/01/08 18:33:01.846197 log.go:26: 下一次抢购开始时间设定已经更新: 2021-01-11 10:00:00
2021/01/08 18:40:12.391619 log.go:26: 加载cookie成功
2021/01/08 18:40:13.104978 log.go:26: 获取本地时间与京东云端时间差
2021/01/08 18:40:13.105220 log.go:26: 本地系统时间： 2021-01-08 18:40:13.105 +0800 CST
2021/01/08 18:40:13.435057 log.go:26: 京东云端时间： 2021-01-08 18:40:13.434 +0800 CST
2021/01/08 18:40:13.435363 log.go:26: 网络请求延时： 330 ms
2021/01/08 18:40:13.435824 log.go:26: 实际时间误差： -164 ms (本地时间-京东云端时间+网络请求延时/2)
2021/01/08 18:40:13.436647 log.go:26: 还没到达抢购时间: 2021-01-11 10:00:00 ，等待中...
2021/01/08 18:56:22.721839 log.go:26: 加载cookie成功
2021/01/08 18:56:23.362577 log.go:26: 获取本地时间与京东云端时间差
2021/01/08 18:56:23.362796 log.go:26: 本地系统时间： 2021-01-08 18:56:23.362 +0800 CST
2021/01/08 18:56:24.803955 log.go:26: 京东云端时间： 2021-01-08 18:56:24.791 +0800 CST
2021/01/08 18:56:24.804254 log.go:26: 网络请求延时： 1442 ms
2021/01/08 18:56:24.804680 log.go:26: 实际时间误差： -708 ms (本地时间-京东云端时间+网络请求延时/2)
2021/01/08 18:56:24.804969 log.go:26: 还没到达抢购时间: 2021-01-11 10:00:00 ，等待中...
